<?xml version="1.0" encoding="UTF-8"?>
<testsuite name="WallServiceTest" tests="6" skipped="0" failures="0" errors="0" timestamp="2021-11-06T21:36:28" hostname="DESKTOP-548U6J8" time="0.167">
  <properties/>
  <testcase name="testEditComment" classname="WallServiceTest" time="0.024"/>
  <testcase name="testDeleteComment" classname="WallServiceTest" time="0.0"/>
  <testcase name="testAdd" classname="WallServiceTest" time="0.139"/>
  <testcase name="testEdit" classname="WallServiceTest" time="0.0"/>
  <testcase name="testCreateComment" classname="WallServiceTest" time="0.001"/>
  <testcase name="testDelete" classname="WallServiceTest" time="0.001"/>
  <system-out><![CDATA[]]></system-out>
  <system-err><![CDATA[]]></system-err>
</testsuite>
