<?xml version="1.0" encoding="UTF-8"?>
<testsuite name="WallServiceTest" tests="6" skipped="0" failures="0" errors="0" timestamp="2021-11-07T18:14:38" hostname="DESKTOP-548U6J8" time="0.107">
  <properties/>
  <testcase name="testEditComment" classname="WallServiceTest" time="0.03"/>
  <testcase name="testDeleteComment" classname="WallServiceTest" time="0.0"/>
  <testcase name="testAdd" classname="WallServiceTest" time="0.069"/>
  <testcase name="testEdit" classname="WallServiceTest" time="0.0"/>
  <testcase name="testCreateComment" classname="WallServiceTest" time="0.005"/>
  <testcase name="testDelete" classname="WallServiceTest" time="0.0"/>
  <system-out><![CDATA[]]></system-out>
  <system-err><![CDATA[]]></system-err>
</testsuite>
